<?xml version="1.0" encoding="UTF-8"?>
<testng-results skipped="0" failed="0" ignored="0" total="1" passed="1">
  <reporter-output>
  </reporter-output>
  <suite name="elephanttest.NewTest" duration-ms="90" started-at="2018-06-11T20:52:24Z" finished-at="2018-06-11T20:52:24Z">
    <groups>
    </groups>
    <test name="Command line test" duration-ms="90" started-at="2018-06-11T20:52:24Z" finished-at="2018-06-11T20:52:24Z">
      <class name="elephanttest.NewTest">
        <test-method status="PASS" signature="beforeTest()[pri:0, instance:elephanttest.NewTest@380fb434]" name="beforeTest" is-config="true" duration-ms="22" started-at="2018-06-11T20:52:24Z" finished-at="2018-06-11T20:52:24Z">
          <reporter-output>
          </reporter-output>
        </test-method> <!-- beforeTest -->
        <test-method status="PASS" signature="f()[pri:0, instance:elephanttest.NewTest@380fb434]" name="f" duration-ms="1" started-at="2018-06-11T20:52:24Z" finished-at="2018-06-11T20:52:24Z">
          <reporter-output>
          </reporter-output>
        </test-method> <!-- f -->
        <test-method status="PASS" signature="afterTest()[pri:0, instance:elephanttest.NewTest@380fb434]" name="afterTest" is-config="true" duration-ms="0" started-at="2018-06-11T20:52:24Z" finished-at="2018-06-11T20:52:24Z">
          <reporter-output>
          </reporter-output>
        </test-method> <!-- afterTest -->
      </class> <!-- elephanttest.NewTest -->
    </test> <!-- Command line test -->
  </suite> <!-- elephanttest.NewTest -->
</testng-results>
