<?xml version="1.0" encoding="UTF-8"?>
<testng-results skipped="0" failed="0" ignored="0" total="1" passed="1">
  <reporter-output>
  </reporter-output>
  <suite name="Default suite" duration-ms="229" started-at="2018-07-03T19:34:09Z" finished-at="2018-07-03T19:34:09Z">
    <groups>
    </groups>
    <test name="Default test" duration-ms="229" started-at="2018-07-03T19:34:09Z" finished-at="2018-07-03T19:34:09Z">
      <class name="elephanttest.NewTest">
        <test-method status="PASS" signature="beforeTest()[pri:0, instance:elephanttest.NewTest@5b275dab]" name="beforeTest" is-config="true" duration-ms="91" started-at="2018-07-03T19:34:09Z" finished-at="2018-07-03T19:34:09Z">
          <reporter-output>
          </reporter-output>
        </test-method> <!-- beforeTest -->
        <test-method status="PASS" signature="f()[pri:0, instance:elephanttest.NewTest@5b275dab]" name="f" duration-ms="21" started-at="2018-07-03T19:34:09Z" finished-at="2018-07-03T19:34:09Z">
          <reporter-output>
          </reporter-output>
        </test-method> <!-- f -->
        <test-method status="PASS" signature="afterTest()[pri:0, instance:elephanttest.NewTest@5b275dab]" name="afterTest" is-config="true" duration-ms="0" started-at="2018-07-03T19:34:09Z" finished-at="2018-07-03T19:34:09Z">
          <reporter-output>
          </reporter-output>
        </test-method> <!-- afterTest -->
      </class> <!-- elephanttest.NewTest -->
    </test> <!-- Default test -->
  </suite> <!-- Default suite -->
</testng-results>
